INFO:root:ADELAIDE
INFO:root:time to abstract from 2021-05-09. With tweets earlier than: 1393355437685231617
INFO:root:duplicate search tweet
INFO:root:1391181092644741122
INFO:root:duplicate search tweet
INFO:root:1391181085141180417
INFO:root:duplicate search tweet
INFO:root:1391181036030074881
INFO:root:duplicate search tweet
INFO:root:1391181028077686787
INFO:root:duplicate search tweet
INFO:root:1391181026831966208
INFO:root:duplicate search tweet
INFO:root:1391181021844959238
INFO:root:duplicate search tweet
INFO:root:1391181021257764864
INFO:root:duplicate search tweet
INFO:root:1391180991008448514
INFO:root:duplicate search tweet
INFO:root:1391180975611146241
INFO:root:duplicate search tweet
INFO:root:1391180972759031810
INFO:root:duplicate search tweet
INFO:root:1391180953922412545
INFO:root:duplicate search tweet
INFO:root:1391180887354576896
INFO:root:duplicate search tweet
INFO:root:1391180859437289474
INFO:root:duplicate search tweet
INFO:root:1391180855586869251
INFO:root:duplicate search tweet
INFO:root:1391180815476805633
INFO:root:duplicate search tweet
INFO:root:1391180791825145858
INFO:root:duplicate search tweet
INFO:root:1391180750414704644
INFO:root:duplicate search tweet
INFO:root:1391180742374297600
INFO:root:duplicate search tweet
INFO:root:1391180741208383504
INFO:root:duplicate search tweet
INFO:root:1391180736674234370
INFO:root:duplicate search tweet
INFO:root:1391180696048209921
INFO:root:duplicate search tweet
INFO:root:1391180648824680449
INFO:root:duplicate search tweet
INFO:root:1391180643590041600
INFO:root:duplicate search tweet
INFO:root:1391180641966776320
INFO:root:duplicate search tweet
INFO:root:1391180587579449346
INFO:root:duplicate search tweet
INFO:root:1391180555249586180
INFO:root:duplicate search tweet
INFO:root:1391180534173167616
INFO:root:duplicate search tweet
INFO:root:1391180489365495809
INFO:root:duplicate search tweet
INFO:root:1391180452702998528
INFO:root:duplicate search tweet
INFO:root:1391180443433590787
INFO:root:duplicate search tweet
INFO:root:1391180431261782016
INFO:root:duplicate search tweet
INFO:root:1391180406318198784
INFO:root:duplicate search tweet
INFO:root:1391180366589792257
INFO:root:duplicate search tweet
INFO:root:1391180355248349186
INFO:root:duplicate search tweet
INFO:root:1391180354535395330
INFO:root:duplicate search tweet
INFO:root:1391180337191919617
INFO:root:duplicate search tweet
INFO:root:1391180317692600321
INFO:root:duplicate search tweet
INFO:root:1391180315230572547
INFO:root:duplicate search tweet
INFO:root:1391180223794716677
INFO:root:duplicate search tweet
INFO:root:1391180207193612289
INFO:root:duplicate search tweet
INFO:root:1391180182023593984
INFO:root:duplicate search tweet
INFO:root:1391180142848856064
INFO:root:duplicate search tweet
INFO:root:1391180141552881668
INFO:root:duplicate search tweet
INFO:root:1391180135995297794
INFO:root:duplicate search tweet
INFO:root:1391180130710560772
INFO:root:duplicate search tweet
INFO:root:1391180097948983297
INFO:root:duplicate search tweet
INFO:root:1391180090445205509
INFO:root:duplicate search tweet
INFO:root:1391180086355775488
INFO:root:duplicate search tweet
INFO:root:1391180082459250688
INFO:root:save search tweet successful 1391180081708429315
INFO:root:duplicate user timeline tweet
INFO:root:save user timeline tweet
INFO:root:save user timeline tweet
INFO:root:save user timeline tweet
INFO:root:save user timeline tweet
INFO:root:save user timeline tweet
INFO:root:save user timeline tweet
INFO:root:save user timeline tweet
INFO:root:save user timeline tweet
INFO:root:duplicate user timeline tweet
INFO:root:duplicate user timeline tweet
INFO:root:duplicate user timeline tweet
INFO:root:duplicate user timeline tweet
INFO:root:duplicate user timeline tweet
INFO:root:duplicate user timeline tweet
INFO:root:save search tweet successful 1391180044261740549
INFO:root:duplicate user timeline tweet
INFO:root:save user timeline tweet
INFO:root:save user timeline tweet
INFO:root:save user timeline tweet
INFO:root:save user timeline tweet
INFO:root:save user timeline tweet
INFO:root:save user timeline tweet
INFO:root:save user timeline tweet
INFO:root:save user timeline tweet
INFO:root:save user timeline tweet
INFO:root:save user timeline tweet
INFO:root:save user timeline tweet
INFO:root:save user timeline tweet
INFO:root:save user timeline tweet
INFO:root:save user timeline tweet
INFO:root:save search tweet successful 1391180035214614528
INFO:root:duplicate user timeline tweet
INFO:root:save user timeline tweet
INFO:root:save user timeline tweet
INFO:root:save user timeline tweet
INFO:root:save user timeline tweet
INFO:root:save user timeline tweet
INFO:root:save user timeline tweet
INFO:root:save user timeline tweet
INFO:root:save user timeline tweet
INFO:root:save user timeline tweet
INFO:root:save user timeline tweet
INFO:root:save user timeline tweet
INFO:root:save user timeline tweet
INFO:root:save user timeline tweet
INFO:root:save user timeline tweet
INFO:root:save search tweet successful 1391180023101411328
INFO:root:duplicate user timeline tweet
INFO:root:duplicate user timeline tweet
INFO:root:duplicate user timeline tweet
INFO:root:duplicate user timeline tweet
INFO:root:duplicate user timeline tweet
INFO:root:duplicate user timeline tweet
INFO:root:duplicate user timeline tweet
INFO:root:duplicate user timeline tweet
INFO:root:duplicate user timeline tweet
INFO:root:duplicate user timeline tweet
INFO:root:duplicate user timeline tweet
INFO:root:duplicate user timeline tweet
INFO:root:duplicate user timeline tweet
INFO:root:duplicate user timeline tweet
INFO:root:duplicate user timeline tweet
INFO:root:duplicate search tweet
INFO:root:1391179995406426116
INFO:root:save search tweet successful 1391179951055900674
INFO:root:duplicate user timeline tweet
INFO:root:save user timeline tweet
INFO:root:save user timeline tweet
INFO:root:save user timeline tweet
INFO:root:duplicate user timeline tweet
INFO:root:duplicate user timeline tweet
INFO:root:duplicate user timeline tweet
INFO:root:duplicate user timeline tweet
INFO:root:duplicate user timeline tweet
INFO:root:duplicate user timeline tweet
INFO:root:duplicate user timeline tweet
INFO:root:duplicate user timeline tweet
INFO:root:duplicate user timeline tweet
INFO:root:duplicate user timeline tweet
INFO:root:duplicate user timeline tweet
INFO:root:save search tweet successful 1391179903089876993
