INFO:root:ADELAIDE
INFO:root:time to abstract from 2021-05-08. With tweets earlier than: 1393355437685231617
INFO:root:duplicate search tweet
INFO:root:1390818713868378121
INFO:root:duplicate search tweet
INFO:root:1390818708134645760
INFO:root:duplicate search tweet
INFO:root:1390818691588104195
INFO:root:duplicate search tweet
INFO:root:1390818689239293952
INFO:root:duplicate search tweet
INFO:root:1390818669224087557
INFO:root:duplicate search tweet
INFO:root:1390818663423385600
INFO:root:duplicate search tweet
INFO:root:1390818653709426689
INFO:root:duplicate search tweet
INFO:root:1390818649733091330
INFO:root:duplicate search tweet
INFO:root:1390818648420282368
INFO:root:duplicate search tweet
INFO:root:1390818643370516480
INFO:root:duplicate search tweet
INFO:root:1390818635539746817
INFO:root:duplicate search tweet
INFO:root:1390818626370904065
INFO:root:duplicate search tweet
INFO:root:1390818614157078529
INFO:root:duplicate search tweet
INFO:root:1390818611757936641
INFO:root:duplicate search tweet
INFO:root:1390818607563644929
INFO:root:duplicate search tweet
INFO:root:1390818605177131009
INFO:root:duplicate search tweet
INFO:root:1390818598747140096
INFO:root:duplicate search tweet
INFO:root:1390818594913603584
INFO:root:duplicate search tweet
INFO:root:1390818594653544448
INFO:root:duplicate search tweet
INFO:root:1390818588483723266
INFO:root:duplicate search tweet
INFO:root:1390818582053801984
INFO:root:duplicate search tweet
INFO:root:1390818560662851585
INFO:root:duplicate search tweet
INFO:root:1390818552731488257
INFO:root:duplicate search tweet
INFO:root:1390818532435238912
INFO:root:duplicate search tweet
INFO:root:1390818525984350208
INFO:root:duplicate search tweet
INFO:root:1390818525556600835
INFO:root:duplicate search tweet
INFO:root:1390818514978541568
INFO:root:duplicate search tweet
INFO:root:1390818481516343296
INFO:root:duplicate search tweet
INFO:root:1390818403313651712
INFO:root:duplicate search tweet
INFO:root:1390818379280257026
INFO:root:duplicate search tweet
INFO:root:1390818374209314817
INFO:root:duplicate search tweet
INFO:root:1390818334938058755
INFO:root:duplicate search tweet
INFO:root:1390818326486548481
INFO:root:duplicate search tweet
INFO:root:1390818314641809410
INFO:root:duplicate search tweet
INFO:root:1390818271654334464
INFO:root:duplicate search tweet
INFO:root:1390818251848908801
INFO:root:duplicate search tweet
INFO:root:1390818224787230720
INFO:root:duplicate search tweet
INFO:root:1390818216176279554
INFO:root:duplicate search tweet
INFO:root:1390818213907206146
INFO:root:duplicate search tweet
INFO:root:1390818205409550336
INFO:root:duplicate search tweet
INFO:root:1390818134307741698
INFO:root:duplicate search tweet
INFO:root:1390818124442705922
INFO:root:duplicate search tweet
INFO:root:1390818124165832704
INFO:root:duplicate search tweet
INFO:root:1390818120428756992
INFO:root:duplicate search tweet
INFO:root:1390818117719265284
INFO:root:duplicate search tweet
INFO:root:1390818116880375814
INFO:root:duplicate search tweet
INFO:root:1390818114640617475
INFO:root:duplicate search tweet
INFO:root:1390818114401497093
INFO:root:duplicate search tweet
INFO:root:1390818112107290627
INFO:root:duplicate search tweet
INFO:root:1390818079177728002
INFO:root:duplicate search tweet
INFO:root:1390818071477067781
INFO:root:duplicate search tweet
INFO:root:1390818055970705408
INFO:root:duplicate search tweet
INFO:root:1390818040644726784
INFO:root:duplicate search tweet
INFO:root:1390817987716780034
INFO:root:duplicate search tweet
INFO:root:1390817932259708930
INFO:root:duplicate search tweet
INFO:root:1390817923296419840
INFO:root:duplicate search tweet
INFO:root:1390817910159941632
INFO:root:duplicate search tweet
INFO:root:1390817892095074310
INFO:root:duplicate search tweet
INFO:root:1390817859199135745
INFO:root:duplicate search tweet
INFO:root:1390817848679833603
INFO:root:duplicate search tweet
INFO:root:1390817845945069568
INFO:root:duplicate search tweet
INFO:root:1390817841528508417
INFO:root:duplicate search tweet
INFO:root:1390817839502688260
INFO:root:duplicate search tweet
INFO:root:1390817836348542979
INFO:root:duplicate search tweet
INFO:root:1390817832930201601
INFO:root:duplicate search tweet
INFO:root:1390817799740612609
INFO:root:duplicate search tweet
INFO:root:1390817772171497475
INFO:root:duplicate search tweet
INFO:root:1390817771680800769
INFO:root:duplicate search tweet
INFO:root:1390817754329063425
INFO:root:duplicate search tweet
INFO:root:1390817728542384133
INFO:root:duplicate search tweet
INFO:root:1390817693964537858
INFO:root:duplicate search tweet
INFO:root:1390817685991092230
INFO:root:duplicate search tweet
INFO:root:1390817682681851906
INFO:root:duplicate search tweet
INFO:root:1390817681398386692
INFO:root:duplicate search tweet
INFO:root:1390817640373915648
INFO:root:duplicate search tweet
INFO:root:1390817634162077697
INFO:root:duplicate search tweet
INFO:root:1390817611361886211
INFO:root:duplicate search tweet
INFO:root:1390817601765265408
INFO:root:duplicate search tweet
INFO:root:1390817571742523393
INFO:root:duplicate search tweet
INFO:root:1390817566612938759
INFO:root:duplicate search tweet
INFO:root:1390817557934862344
INFO:root:duplicate search tweet
INFO:root:1390817540754927616
INFO:root:duplicate search tweet
INFO:root:1390817531120611329
INFO:root:duplicate search tweet
INFO:root:1390817527467450370
INFO:root:duplicate search tweet
INFO:root:1390817523411550209
INFO:root:duplicate search tweet
INFO:root:1390817518823124993
INFO:root:duplicate search tweet
INFO:root:1390817514259574788
INFO:root:duplicate search tweet
INFO:root:1390817510195224577
INFO:root:duplicate search tweet
INFO:root:1390817505132777476
INFO:root:duplicate search tweet
INFO:root:1390817496115019777
INFO:root:duplicate search tweet
INFO:root:1390817490196852738
INFO:root:duplicate search tweet
INFO:root:1390817461205815296
INFO:root:duplicate search tweet
INFO:root:1390817429941493769
INFO:root:duplicate search tweet
INFO:root:1390817414070165504
INFO:root:duplicate search tweet
INFO:root:1390817364388716544
INFO:root:duplicate search tweet
INFO:root:1390817336710422528
INFO:root:duplicate search tweet
INFO:root:1390817323238367232
INFO:root:duplicate search tweet
INFO:root:1390817306536644609
INFO:root:duplicate search tweet
INFO:root:1390817300081635328
INFO:root:duplicate search tweet
INFO:root:1390817242854555648
INFO:root:searching paused
INFO:root:Search tweets:0 timeline tweets:0
INFO:root:duplicate search tweet
INFO:root:1390817237661929474
INFO:root:duplicate search tweet
INFO:root:1390817226689703936
INFO:root:duplicate search tweet
INFO:root:1390817200387215363
INFO:root:duplicate search tweet
INFO:root:1390817197505728512
INFO:root:duplicate search tweet
INFO:root:1390817184851636228
INFO:root:duplicate search tweet
INFO:root:1390817179822551044
INFO:root:duplicate search tweet
INFO:root:1390817159513665539
INFO:root:duplicate search tweet
INFO:root:1390817145815109633
INFO:root:duplicate search tweet
INFO:root:1390817134507270145
INFO:root:duplicate search tweet
INFO:root:1390817131663482880
INFO:root:duplicate search tweet
INFO:root:1390817114265559041
INFO:root:duplicate search tweet
INFO:root:1390817110390042624
INFO:root:duplicate search tweet
INFO:root:1390817099644170240
INFO:root:duplicate search tweet
INFO:root:1390817080866312199
INFO:root:duplicate search tweet
INFO:root:1390817068392456193
INFO:root:duplicate search tweet
INFO:root:1390817065397747712
INFO:root:duplicate search tweet
INFO:root:1390817048796663812
INFO:root:duplicate search tweet
INFO:root:1390817023605673987
INFO:root:duplicate search tweet
INFO:root:1390817022968172546
INFO:root:duplicate search tweet
INFO:root:1390817013333782530
INFO:root:duplicate search tweet
INFO:root:1390816966055583745
INFO:root:duplicate search tweet
INFO:root:1390816950817755136
INFO:root:duplicate search tweet
INFO:root:1390816947630084099
INFO:root:duplicate search tweet
INFO:root:1390816943838355457
INFO:root:duplicate search tweet
INFO:root:1390816926180417536
INFO:root:duplicate search tweet
INFO:root:1390816922556506113
INFO:root:duplicate search tweet
INFO:root:1390816921235320834
INFO:root:duplicate search tweet
INFO:root:1390816916814458882
INFO:root:duplicate search tweet
INFO:root:1390816916697059328
INFO:root:duplicate search tweet
INFO:root:1390816914281177089
INFO:root:duplicate search tweet
INFO:root:1390816876293287936
INFO:root:duplicate search tweet
INFO:root:1390816869838295040
INFO:root:duplicate search tweet
INFO:root:1390816864645763078
INFO:root:duplicate search tweet
INFO:root:1390816856668217346
INFO:root:duplicate search tweet
INFO:root:1390816840620789763
INFO:root:duplicate search tweet
INFO:root:1390816811688497153
INFO:root:duplicate search tweet
INFO:root:1390816754205532160
INFO:root:duplicate search tweet
INFO:root:1390816716666458112
INFO:root:duplicate search tweet
INFO:root:1390816707975933953
INFO:root:duplicate search tweet
INFO:root:1390816704389738496
INFO:root:duplicate search tweet
INFO:root:1390816677026144257
